2018-07-09 16:22:42.5895 [DEBUG] Scene Fusion version 1.7.2-0
2018-07-09 16:40:35.2747 [ERROR] NullReferenceException
UnityEngine.Material..ctor (UnityEngine.Shader shader) (at C:/buildslave/unity/build/artifacts/generated/common/runtime/ShaderBindings.gen.cs:254)
AuraAPI.AuraLight.Initialize () (at Assets/Aura/Classes/AuraLight.cs:383)
AuraAPI.AuraLight.OnEnable () (at Assets/Aura/Classes/AuraLight.cs:224)
UnityEngine.GameObject:AddComponent()
AuraAPI.AuraLight:CreateGameObject(MenuCommand, String, LightType) (at Assets/Aura/Classes/AuraLight.cs:734)
AuraAPI.AuraLight:CreatePointGameObject(MenuCommand) (at Assets/Aura/Classes/AuraLight.cs:764)

2018-07-09 17:45:04.0571 [DEBUG] Scene Fusion version 1.7.2-0
2018-07-09 17:46:41.7676 [DEBUG] Scene Fusion version 1.7.2-0
2018-07-09 17:46:42.2574 [DEBUG] Play mode: True, sync in play mode: False
2018-07-09 17:47:51.1452 [DEBUG] Play mode: False
2018-07-09 17:48:10.9832 [DEBUG] Scene Fusion version 1.7.2-0
2018-07-09 17:48:11.2509 [DEBUG] Play mode: True, sync in play mode: False
2018-07-09 17:49:43.7385 [DEBUG] Play mode: False
2018-07-09 17:50:01.3925 [DEBUG] Scene Fusion version 1.7.2-0
2018-07-09 17:50:01.6069 [DEBUG] Play mode: True, sync in play mode: False
2018-07-09 17:50:35.6293 [DEBUG] Play mode: False
2018-07-09 17:52:34.8169 [DEBUG] Scene Fusion version 1.7.2-0
2018-07-09 17:52:35.0293 [DEBUG] Play mode: True, sync in play mode: False
2018-07-09 17:52:37.7368 [DEBUG] Play mode: False
2018-07-09 20:13:44.7974 [DEBUG] Scene Fusion version 1.7.2-0
2018-07-09 20:13:45.0404 [DEBUG] Play mode: True, sync in play mode: False
2018-07-09 20:15:16.9758 [DEBUG] Play mode: False
2018-07-09 20:16:30.6641 [DEBUG] Scene Fusion version 1.7.2-0
2018-07-09 20:17:12.6942 [DEBUG] Scene Fusion version 1.7.2-0
2018-07-09 20:17:12.9606 [DEBUG] Play mode: True, sync in play mode: False
2018-07-09 20:19:38.2746 [DEBUG] Play mode: False
2018-07-09 20:20:56.7881 [DEBUG] Scene Fusion version 1.7.2-0
2018-07-09 20:20:57.0250 [DEBUG] Play mode: True, sync in play mode: False
2018-07-09 20:23:36.0358 [DEBUG] Play mode: False
2018-07-09 20:25:32.3518 [DEBUG] Scene Fusion version 1.7.2-0
2018-07-09 20:25:32.6007 [DEBUG] Play mode: True, sync in play mode: False
2018-07-09 20:27:40.5991 [DEBUG] Play mode: False
2018-07-09 20:28:00.9518 [DEBUG] Scene Fusion version 1.7.2-0
2018-07-09 20:28:01.2091 [DEBUG] Play mode: True, sync in play mode: False
2018-07-09 20:29:27.3712 [DEBUG] Play mode: False
2018-07-09 20:30:23.1401 [DEBUG] Scene Fusion version 1.7.2-0
2018-07-09 20:30:23.3785 [DEBUG] Play mode: True, sync in play mode: False
2018-07-09 20:31:20.2918 [DEBUG] Play mode: False
2018-07-09 20:45:40.8225 [DEBUG] Scene Fusion version 1.7.2-0
2018-07-09 20:45:41.0712 [DEBUG] Play mode: True, sync in play mode: False
2018-07-09 20:48:00.9131 [DEBUG] Play mode: False
2018-07-09 20:50:05.1379 [DEBUG] Scene Fusion version 1.7.2-0
2018-07-09 20:50:05.3912 [DEBUG] Play mode: True, sync in play mode: False
2018-07-09 20:51:38.1068 [DEBUG] Play mode: False
2018-07-09 20:59:41.0063 [DEBUG] Scene Fusion version 1.7.2-0
2018-07-09 20:59:41.2533 [DEBUG] Play mode: True, sync in play mode: False
2018-07-09 21:00:13.1064 [DEBUG] Play mode: False
